<?xml version="1.0" encoding="UTF-8"?>
<!-- Generated by org.testng.reporters.JUnitReportReporter -->
<testsuite hostname="Collaberas-MacBook-Pro.local" failures="0" tests="1" name="TestLogin" time="7.095" errors="0" timestamp="2023-04-28T14:16:23 PST" skipped="0">
  <testcase classname="TestLogin" name="testInvalidLogin" time="7.095"/>
  <system-out/>
</testsuite> <!-- TestLogin -->
