<?xml version="1.0" encoding="UTF-8"?>
<!-- Generated by org.testng.reporters.JUnitReportReporter -->
<testsuite hostname="Collaberas-MacBook-Pro.local" failures="0" tests="6" name="TestLogins" time="41.362" errors="0" timestamp="2023-04-28T16:44:13 PST" skipped="0">
  <testcase classname="TestLogins" name="testValidateChrome" time="18.249"/>
  <system-out/>
  <testcase classname="TestLogins" name="testValidLogin" time="4.782"/>
  <system-out/>
  <testcase classname="TestLogins" name="validateTitle" time="0.005"/>
  <system-out/>
  <testcase classname="TestLogins" name="myProfile" time="13.786"/>
  <system-out/>
  <testcase classname="TestLogins" name="topicOfInterest" time="3.309"/>
  <system-out/>
  <testcase classname="TestLogins" name="topics" time="1.231"/>
  <system-out/>
</testsuite> <!-- TestLogins -->
